<?xml version="1.0" encoding="UTF-8"?>
<testsuite name="UnitTest" tests="1" skipped="0" failures="0" errors="0" timestamp="2020-03-26T08:39:20" hostname="LAPTOP-I6PV80H7" time="0.01">
  <properties/>
  <testcase name="testFindFirst" classname="UnitTest" time="0.01"/>
  <system-out><![CDATA[bb
]]></system-out>
  <system-err><![CDATA[]]></system-err>
</testsuite>
